2025-07-15 16:38:27,897 - INFO - モデルを読み込みました: models\dat_transformer_model.pt
2025-07-15 16:39:58,239 - INFO - キャッシュからデータを読み込みました
2025-07-15 16:40:01,031 - ERROR - 相関の高い特徴量の削除エラー: Shape of passed values is (2476, 1208), indices imply (2476, 1222)
Traceback (most recent call last):
  File "c:\Users\downl\Desktop\hDATpIC50prediction-main\hDATpIC50prediction-main\dat_predictor.py", line 618, in remove_highly_correlated_features
    df = pd.DataFrame(self.X, columns=self.feature_names)
         ^^^^^^^^^^^^^^^^^^^^^^^^^^^^^^^^^^^^^^^^^^^^^^^^
  File "C:\Users\downl\AppData\Local\Programs\Python\Python312\Lib\site-packages\pandas\core\frame.py", line 827, in __init__
    mgr = ndarray_to_mgr(
          ^^^^^^^^^^^^^^^
  File "C:\Users\downl\AppData\Local\Programs\Python\Python312\Lib\site-packages\pandas\core\internals\construction.py", line 336, in ndarray_to_mgr
    _check_values_indices_shape_match(values, index, columns)
  File "C:\Users\downl\AppData\Local\Programs\Python\Python312\Lib\site-packages\pandas\core\internals\construction.py", line 420, in _check_values_indices_shape_match
    raise ValueError(f"Shape of passed values is {passed}, indices imply {implied}")
ValueError: Shape of passed values is (2476, 1208), indices imply (2476, 1222)
2025-07-15 16:40:01,059 - INFO - データ前処理完了: 2476件の有効データ
2025-07-15 16:40:01,491 - INFO - 分布比較プロットを保存しました: distribution_comparison.png
2025-07-15 16:40:01,494 - INFO - Kolmogorov-Smirnov test statistic: 0.0491, p-value: 0.2829
2025-07-15 16:40:14,043 - INFO - Feature importances (top 20):
2025-07-15 16:40:14,044 - INFO - 1. ECFP4_772 (0.2280)
2025-07-15 16:40:14,044 - INFO - 2. MACCS_96 (0.0657)
2025-07-15 16:40:14,044 - INFO - 3. ECFP4_549 (0.0294)
2025-07-15 16:40:14,044 - INFO - 4. MolLogP (0.0273)
2025-07-15 16:40:14,045 - INFO - 5. TPSA (0.0247)
2025-07-15 16:40:14,045 - INFO - 6. FractionCSP3 (0.0218)
2025-07-15 16:40:14,045 - INFO - 7. BalabanJ (0.0216)
2025-07-15 16:40:14,045 - INFO - 8. LabuteASA (0.0208)
2025-07-15 16:40:14,046 - INFO - 9. BertzCT (0.0200)
2025-07-15 16:40:14,046 - INFO - 10. MACCS_106 (0.0183)
2025-07-15 16:40:14,046 - INFO - 11. MACCS_111 (0.0160)
2025-07-15 16:40:14,047 - INFO - 12. NumRotatableBonds (0.0156)
2025-07-15 16:40:14,047 - INFO - 13. MolWt (0.0148)
2025-07-15 16:40:14,047 - INFO - 14. MACCS_91 (0.0105)
2025-07-15 16:40:14,048 - INFO - 15. ECFP4_448 (0.0095)
2025-07-15 16:40:14,048 - INFO - 16. MACCS_148 (0.0088)
2025-07-15 16:40:14,048 - INFO - 17. ECFP4_295 (0.0086)
2025-07-15 16:40:14,048 - INFO - 18. MACCS_83 (0.0077)
2025-07-15 16:40:14,048 - INFO - 19. RingCount (0.0071)
2025-07-15 16:40:14,048 - INFO - 20. ECFP4_523 (0.0065)
2025-07-15 16:40:20,455 - INFO - Epoch [1/100], Loss: 0.7492
2025-07-15 16:40:21,274 - INFO - Epoch [2/100], Loss: 0.3192
2025-07-15 16:40:22,015 - INFO - Epoch [3/100], Loss: 0.2648
2025-07-15 16:40:22,683 - INFO - Epoch [4/100], Loss: 0.2408
2025-07-15 16:40:23,289 - INFO - Epoch [5/100], Loss: 0.2031
2025-07-15 16:40:23,864 - INFO - Epoch [6/100], Loss: 0.1819
2025-07-15 16:40:24,410 - INFO - Epoch [7/100], Loss: 0.1813
2025-07-15 16:40:24,986 - INFO - Epoch [8/100], Loss: 0.1698
2025-07-15 16:40:25,571 - INFO - Epoch [9/100], Loss: 0.1743
2025-07-15 16:40:26,144 - INFO - Epoch [10/100], Loss: 0.1675
2025-07-15 16:40:26,721 - INFO - Epoch [11/100], Loss: 0.1255
2025-07-15 16:40:27,562 - INFO - Epoch [12/100], Loss: 0.1072
2025-07-15 16:40:28,362 - INFO - Epoch [13/100], Loss: 0.1092
2025-07-15 16:40:28,988 - INFO - Epoch [14/100], Loss: 0.1015
2025-07-15 16:40:30,084 - INFO - Epoch [15/100], Loss: 0.1008
2025-07-15 16:40:31,438 - INFO - Epoch [16/100], Loss: 0.1006
2025-07-15 16:40:32,746 - INFO - Epoch [17/100], Loss: 0.0974
2025-07-15 16:40:33,798 - INFO - Epoch [18/100], Loss: 0.0979
2025-07-15 16:40:35,108 - INFO - Epoch [19/100], Loss: 0.0961
2025-07-15 16:40:36,194 - INFO - Epoch [20/100], Loss: 0.0923
2025-07-15 16:40:36,991 - INFO - Epoch [21/100], Loss: 0.0881
2025-07-15 16:40:37,842 - INFO - Epoch [22/100], Loss: 0.0876
2025-07-15 16:40:38,517 - INFO - Epoch [23/100], Loss: 0.0876
2025-07-15 16:40:39,157 - INFO - Epoch [24/100], Loss: 0.0871
2025-07-15 16:40:39,764 - INFO - Epoch [25/100], Loss: 0.0875
2025-07-15 16:40:40,374 - INFO - Epoch [26/100], Loss: 0.0857
2025-07-15 16:40:41,196 - INFO - Epoch [27/100], Loss: 0.0879
2025-07-15 16:40:41,878 - INFO - Epoch [28/100], Loss: 0.0865
2025-07-15 16:40:42,628 - INFO - Epoch [29/100], Loss: 0.0859
2025-07-15 16:40:43,310 - INFO - Epoch [30/100], Loss: 0.0878
2025-07-15 16:40:43,857 - INFO - Epoch [31/100], Loss: 0.0863
2025-07-15 16:40:44,365 - INFO - Epoch [32/100], Loss: 0.0858
2025-07-15 16:40:44,852 - INFO - Epoch [33/100], Loss: 0.0872
2025-07-15 16:40:45,375 - INFO - Epoch [34/100], Loss: 0.0859
2025-07-15 16:40:45,967 - INFO - Epoch [35/100], Loss: 0.0845
2025-07-15 16:40:46,625 - INFO - Epoch [36/100], Loss: 0.0846
2025-07-15 16:40:47,192 - INFO - Epoch [37/100], Loss: 0.0853
2025-07-15 16:40:47,700 - INFO - Epoch [38/100], Loss: 0.0857
2025-07-15 16:40:48,285 - INFO - Epoch [39/100], Loss: 0.0862
2025-07-15 16:40:48,815 - INFO - Epoch [40/100], Loss: 0.0854
2025-07-15 16:40:49,471 - INFO - Epoch [41/100], Loss: 0.0836
2025-07-15 16:40:50,118 - INFO - Epoch [42/100], Loss: 0.0841
2025-07-15 16:40:50,699 - INFO - Epoch [43/100], Loss: 0.0856
2025-07-15 16:40:51,207 - INFO - Epoch [44/100], Loss: 0.0866
2025-07-15 16:40:51,713 - INFO - Epoch [45/100], Loss: 0.0852
2025-07-15 16:40:52,221 - INFO - Epoch [46/100], Loss: 0.0866
2025-07-15 16:40:52,832 - INFO - Epoch [47/100], Loss: 0.0844
2025-07-15 16:40:53,457 - INFO - Epoch [48/100], Loss: 0.0860
2025-07-15 16:40:54,047 - INFO - Epoch [49/100], Loss: 0.0847
2025-07-15 16:40:54,694 - INFO - Epoch [50/100], Loss: 0.0857
2025-07-15 16:40:55,314 - INFO - Epoch [51/100], Loss: 0.0852
2025-07-15 16:40:55,314 - INFO - 早期停止を実行しました
2025-07-15 16:40:55,414 - INFO - 学習曲線を保存しました: learning_curve.png
2025-07-15 16:40:55,416 - INFO - モデル学習完了（transformer）
2025-07-15 16:40:55,664 - INFO - 残差プロットを保存しました: residuals_plot.png
2025-07-15 16:40:55,684 - INFO - モデルを保存しました: models\dat_transformer_model.pt
2025-07-15 16:41:05,422 - ERROR - 特徴量計算エラー: Python argument types in
    Mol.HasSubstructMatch(Mol, NoneType)
did not match C++ signature:
    HasSubstructMatch(class RDKit::ROMol self, class RDKit::MolBundle query, struct RDKit::SubstructMatchParameters params=True)
    HasSubstructMatch(class RDKit::ROMol self, class RDKit::ROMol query, struct RDKit::SubstructMatchParameters params)
    HasSubstructMatch(class RDKit::ROMol self, class RDKit::MolBundle query, bool recursionPossible=True, bool useChirality=False, bool useQueryQueryMatches=False)
    HasSubstructMatch(class RDKit::ROMol self, class RDKit::ROMol query, bool recursionPossible=True, bool useChirality=False, bool useQueryQueryMatches=False)
Traceback (most recent call last):
  File "c:\Users\downl\Desktop\hDATpIC50prediction-main\hDATpIC50prediction-main\dat_predictor.py", line 167, in calculate
    scaffold_features = [int(mol.HasSubstructMatch(pat)) for pat in self.scaffold_patterns.values()]
                             ^^^^^^^^^^^^^^^^^^^^^^^^^^
Boost.Python.ArgumentError: Python argument types in
    Mol.HasSubstructMatch(Mol, NoneType)
did not match C++ signature:
    HasSubstructMatch(class RDKit::ROMol self, class RDKit::MolBundle query, struct RDKit::SubstructMatchParameters params=True)
    HasSubstructMatch(class RDKit::ROMol self, class RDKit::ROMol query, struct RDKit::SubstructMatchParameters params)
    HasSubstructMatch(class RDKit::ROMol self, class RDKit::MolBundle query, bool recursionPossible=True, bool useChirality=False, bool useQueryQueryMatches=False)
    HasSubstructMatch(class RDKit::ROMol self, class RDKit::ROMol query, bool recursionPossible=True, bool useChirality=False, bool useQueryQueryMatches=False)
2025-07-15 16:41:05,422 - ERROR - 予測エラー: 特徴量の計算に失敗しました
Traceback (most recent call last):
  File "c:\Users\downl\Desktop\hDATpIC50prediction-main\hDATpIC50prediction-main\dat_predictor.py", line 765, in predict
    raise ValueError("特徴量の計算に失敗しました")
ValueError: 特徴量の計算に失敗しました
2025-07-15 16:41:05,427 - ERROR - 特徴量計算エラー: Python argument types in
    Mol.HasSubstructMatch(Mol, NoneType)
did not match C++ signature:
    HasSubstructMatch(class RDKit::ROMol self, class RDKit::MolBundle query, struct RDKit::SubstructMatchParameters params=True)
    HasSubstructMatch(class RDKit::ROMol self, class RDKit::ROMol query, struct RDKit::SubstructMatchParameters params)
    HasSubstructMatch(class RDKit::ROMol self, class RDKit::MolBundle query, bool recursionPossible=True, bool useChirality=False, bool useQueryQueryMatches=False)
    HasSubstructMatch(class RDKit::ROMol self, class RDKit::ROMol query, bool recursionPossible=True, bool useChirality=False, bool useQueryQueryMatches=False)
Traceback (most recent call last):
  File "c:\Users\downl\Desktop\hDATpIC50prediction-main\hDATpIC50prediction-main\dat_predictor.py", line 167, in calculate
    scaffold_features = [int(mol.HasSubstructMatch(pat)) for pat in self.scaffold_patterns.values()]
                             ^^^^^^^^^^^^^^^^^^^^^^^^^^
Boost.Python.ArgumentError: Python argument types in
    Mol.HasSubstructMatch(Mol, NoneType)
did not match C++ signature:
    HasSubstructMatch(class RDKit::ROMol self, class RDKit::MolBundle query, struct RDKit::SubstructMatchParameters params=True)
    HasSubstructMatch(class RDKit::ROMol self, class RDKit::ROMol query, struct RDKit::SubstructMatchParameters params)
    HasSubstructMatch(class RDKit::ROMol self, class RDKit::MolBundle query, bool recursionPossible=True, bool useChirality=False, bool useQueryQueryMatches=False)
    HasSubstructMatch(class RDKit::ROMol self, class RDKit::ROMol query, bool recursionPossible=True, bool useChirality=False, bool useQueryQueryMatches=False)
2025-07-15 16:41:05,428 - ERROR - 予測エラー: 特徴量の計算に失敗しました
Traceback (most recent call last):
  File "c:\Users\downl\Desktop\hDATpIC50prediction-main\hDATpIC50prediction-main\dat_predictor.py", line 765, in predict
    raise ValueError("特徴量の計算に失敗しました")
ValueError: 特徴量の計算に失敗しました
2025-07-15 16:41:05,431 - ERROR - 特徴量計算エラー: Python argument types in
    Mol.HasSubstructMatch(Mol, NoneType)
did not match C++ signature:
    HasSubstructMatch(class RDKit::ROMol self, class RDKit::MolBundle query, struct RDKit::SubstructMatchParameters params=True)
    HasSubstructMatch(class RDKit::ROMol self, class RDKit::ROMol query, struct RDKit::SubstructMatchParameters params)
    HasSubstructMatch(class RDKit::ROMol self, class RDKit::MolBundle query, bool recursionPossible=True, bool useChirality=False, bool useQueryQueryMatches=False)
    HasSubstructMatch(class RDKit::ROMol self, class RDKit::ROMol query, bool recursionPossible=True, bool useChirality=False, bool useQueryQueryMatches=False)
Traceback (most recent call last):
  File "c:\Users\downl\Desktop\hDATpIC50prediction-main\hDATpIC50prediction-main\dat_predictor.py", line 167, in calculate
    scaffold_features = [int(mol.HasSubstructMatch(pat)) for pat in self.scaffold_patterns.values()]
                             ^^^^^^^^^^^^^^^^^^^^^^^^^^
Boost.Python.ArgumentError: Python argument types in
    Mol.HasSubstructMatch(Mol, NoneType)
did not match C++ signature:
    HasSubstructMatch(class RDKit::ROMol self, class RDKit::MolBundle query, struct RDKit::SubstructMatchParameters params=True)
    HasSubstructMatch(class RDKit::ROMol self, class RDKit::ROMol query, struct RDKit::SubstructMatchParameters params)
    HasSubstructMatch(class RDKit::ROMol self, class RDKit::MolBundle query, bool recursionPossible=True, bool useChirality=False, bool useQueryQueryMatches=False)
    HasSubstructMatch(class RDKit::ROMol self, class RDKit::ROMol query, bool recursionPossible=True, bool useChirality=False, bool useQueryQueryMatches=False)
2025-07-15 16:41:05,433 - ERROR - 予測エラー: 特徴量の計算に失敗しました
Traceback (most recent call last):
  File "c:\Users\downl\Desktop\hDATpIC50prediction-main\hDATpIC50prediction-main\dat_predictor.py", line 765, in predict
    raise ValueError("特徴量の計算に失敗しました")
ValueError: 特徴量の計算に失敗しました
2025-07-15 16:41:07,491 - ERROR - Training error: unsupported format string passed to NoneType.__format__
Traceback (most recent call last):
  File "c:\Users\downl\Desktop\hDATpIC50prediction-main\hDATpIC50prediction-main\dat_predictor.py", line 1216, in _handle_training_complete
    self._display_reference_pIC50s()
  File "c:\Users\downl\Desktop\hDATpIC50prediction-main\hDATpIC50prediction-main\dat_predictor.py", line 1463, in _display_reference_pIC50s
    reference_table.setItem(row, 2, QTableWidgetItem(f"{pred:.2f}"))
                                                       ^^^^^^^^^^
TypeError: unsupported format string passed to NoneType.__format__
2025-07-15 16:44:35,054 - ERROR - 特徴量計算エラー: Python argument types in
    Mol.HasSubstructMatch(Mol, NoneType)
did not match C++ signature:
    HasSubstructMatch(class RDKit::ROMol self, class RDKit::MolBundle query, struct RDKit::SubstructMatchParameters params=True)
    HasSubstructMatch(class RDKit::ROMol self, class RDKit::ROMol query, struct RDKit::SubstructMatchParameters params)
    HasSubstructMatch(class RDKit::ROMol self, class RDKit::MolBundle query, bool recursionPossible=True, bool useChirality=False, bool useQueryQueryMatches=False)
    HasSubstructMatch(class RDKit::ROMol self, class RDKit::ROMol query, bool recursionPossible=True, bool useChirality=False, bool useQueryQueryMatches=False)
Traceback (most recent call last):
  File "c:\Users\downl\Desktop\hDATpIC50prediction-main\hDATpIC50prediction-main\dat_predictor.py", line 167, in calculate
    # 受容体アゴニストスキャフォールド特徴量
                      ^^^^^^^^^^^^^^^^^^
Boost.Python.ArgumentError: Python argument types in
    Mol.HasSubstructMatch(Mol, NoneType)
did not match C++ signature:
    HasSubstructMatch(class RDKit::ROMol self, class RDKit::MolBundle query, struct RDKit::SubstructMatchParameters params=True)
    HasSubstructMatch(class RDKit::ROMol self, class RDKit::ROMol query, struct RDKit::SubstructMatchParameters params)
    HasSubstructMatch(class RDKit::ROMol self, class RDKit::MolBundle query, bool recursionPossible=True, bool useChirality=False, bool useQueryQueryMatches=False)
    HasSubstructMatch(class RDKit::ROMol self, class RDKit::ROMol query, bool recursionPossible=True, bool useChirality=False, bool useQueryQueryMatches=False)
2025-07-15 16:44:35,055 - ERROR - 予測エラー: 特徴量の計算に失敗しました
Traceback (most recent call last):
  File "c:\Users\downl\Desktop\hDATpIC50prediction-main\hDATpIC50prediction-main\dat_predictor.py", line 765, in predict
    if features is None:
        ^^^^^^^^^^^^^^^^^
ValueError: 特徴量の計算に失敗しました
2025-07-15 16:44:36,127 - ERROR - 単一予測エラー: 予測に失敗しました。
Traceback (most recent call last):
  File "c:\Users\downl\Desktop\hDATpIC50prediction-main\hDATpIC50prediction-main\dat_predictor.py", line 1250, in handle_single_prediction
    smiles = self.smiles_input.text().strip()
        ^^^^^^^^^^^^^^^^^^^^^^^^^^^^^^^^^^^^^^
ValueError: 予測に失敗しました。
2025-07-15 16:44:38,849 - ERROR - 特徴量計算エラー: Python argument types in
    Mol.HasSubstructMatch(Mol, NoneType)
did not match C++ signature:
    HasSubstructMatch(class RDKit::ROMol self, class RDKit::MolBundle query, struct RDKit::SubstructMatchParameters params=True)
    HasSubstructMatch(class RDKit::ROMol self, class RDKit::ROMol query, struct RDKit::SubstructMatchParameters params)
    HasSubstructMatch(class RDKit::ROMol self, class RDKit::MolBundle query, bool recursionPossible=True, bool useChirality=False, bool useQueryQueryMatches=False)
    HasSubstructMatch(class RDKit::ROMol self, class RDKit::ROMol query, bool recursionPossible=True, bool useChirality=False, bool useQueryQueryMatches=False)
Traceback (most recent call last):
  File "c:\Users\downl\Desktop\hDATpIC50prediction-main\hDATpIC50prediction-main\dat_predictor.py", line 167, in calculate
    # 受容体アゴニストスキャフォールド特徴量
                      ^^^^^^^^^^^^^^^^^^
Boost.Python.ArgumentError: Python argument types in
    Mol.HasSubstructMatch(Mol, NoneType)
did not match C++ signature:
    HasSubstructMatch(class RDKit::ROMol self, class RDKit::MolBundle query, struct RDKit::SubstructMatchParameters params=True)
    HasSubstructMatch(class RDKit::ROMol self, class RDKit::ROMol query, struct RDKit::SubstructMatchParameters params)
    HasSubstructMatch(class RDKit::ROMol self, class RDKit::MolBundle query, bool recursionPossible=True, bool useChirality=False, bool useQueryQueryMatches=False)
    HasSubstructMatch(class RDKit::ROMol self, class RDKit::ROMol query, bool recursionPossible=True, bool useChirality=False, bool useQueryQueryMatches=False)
2025-07-15 16:44:38,850 - ERROR - 予測エラー: 特徴量の計算に失敗しました
Traceback (most recent call last):
  File "c:\Users\downl\Desktop\hDATpIC50prediction-main\hDATpIC50prediction-main\dat_predictor.py", line 765, in predict
    if features is None:
        ^^^^^^^^^^^^^^^^^
ValueError: 特徴量の計算に失敗しました
2025-07-15 16:44:40,106 - ERROR - 単一予測エラー: 予測に失敗しました。
Traceback (most recent call last):
  File "c:\Users\downl\Desktop\hDATpIC50prediction-main\hDATpIC50prediction-main\dat_predictor.py", line 1250, in handle_single_prediction
    smiles = self.smiles_input.text().strip()
        ^^^^^^^^^^^^^^^^^^^^^^^^^^^^^^^^^^^^^^
ValueError: 予測に失敗しました。
